Started GET "/" for 127.0.0.1 at 2018-03-26 16:43:37 +1100
Processing by PagesController#home as HTML
  Rendering pages/home.html.erb within layouts/application
  Rendered pages/home.html.erb within layouts/application (3.4ms)
Completed 200 OK in 1260ms (Views: 658.6ms)


Started GET "/" for 127.0.0.1 at 2018-03-26 16:44:32 +1100
Processing by PagesController#home as HTML
  Rendering pages/home.html.erb within layouts/application
  Rendered pages/home.html.erb within layouts/application (0.6ms)
Completed 200 OK in 61ms (Views: 57.1ms)


Started GET "/" for 127.0.0.1 at 2018-03-26 16:54:18 +1100
Processing by PagesController#home as HTML
  Rendering pages/home.html.erb within layouts/application
  Rendered pages/home.html.erb within layouts/application (0.8ms)
Completed 200 OK in 282ms (Views: 277.8ms)


Started POST "/magic_8_ball_answer" for 127.0.0.1 at 2018-03-26 16:54:47 +1100
  
ActionController::RoutingError (No route matches [POST] "/magic_8_ball_answer"):
  
actionpack (5.1.5) lib/action_dispatch/middleware/debug_exceptions.rb:63:in `call'
web-console (3.5.1) lib/web_console/middleware.rb:135:in `call_app'
web-console (3.5.1) lib/web_console/middleware.rb:28:in `block in call'
web-console (3.5.1) lib/web_console/middleware.rb:18:in `catch'
web-console (3.5.1) lib/web_console/middleware.rb:18:in `call'
actionpack (5.1.5) lib/action_dispatch/middleware/show_exceptions.rb:31:in `call'
railties (5.1.5) lib/rails/rack/logger.rb:36:in `call_app'
railties (5.1.5) lib/rails/rack/logger.rb:24:in `block in call'
activesupport (5.1.5) lib/active_support/tagged_logging.rb:69:in `block in tagged'
activesupport (5.1.5) lib/active_support/tagged_logging.rb:26:in `tagged'
activesupport (5.1.5) lib/active_support/tagged_logging.rb:69:in `tagged'
railties (5.1.5) lib/rails/rack/logger.rb:24:in `call'
sprockets-rails (3.2.1) lib/sprockets/rails/quiet_assets.rb:13:in `call'
actionpack (5.1.5) lib/action_dispatch/middleware/remote_ip.rb:79:in `call'
actionpack (5.1.5) lib/action_dispatch/middleware/request_id.rb:25:in `call'
rack (2.0.4) lib/rack/method_override.rb:22:in `call'
rack (2.0.4) lib/rack/runtime.rb:22:in `call'
activesupport (5.1.5) lib/active_support/cache/strategy/local_cache_middleware.rb:27:in `call'
actionpack (5.1.5) lib/action_dispatch/middleware/executor.rb:12:in `call'
actionpack (5.1.5) lib/action_dispatch/middleware/static.rb:125:in `call'
rack (2.0.4) lib/rack/sendfile.rb:111:in `call'
railties (5.1.5) lib/rails/engine.rb:522:in `call'
puma (3.11.3) lib/puma/configuration.rb:225:in `call'
puma (3.11.3) lib/puma/server.rb:624:in `handle_request'
puma (3.11.3) lib/puma/server.rb:438:in `process_client'
puma (3.11.3) lib/puma/server.rb:302:in `block in run'
puma (3.11.3) lib/puma/thread_pool.rb:120:in `block in spawn_thread'
Started GET "/" for 127.0.0.1 at 2018-03-26 16:57:50 +1100
Processing by PagesController#home as HTML
  Rendering pages/home.html.erb within layouts/application
  Rendered pages/home.html.erb within layouts/application (0.3ms)
Completed 200 OK in 62ms (Views: 57.9ms)


Started GET "/magic_8_ball_answer" for 127.0.0.1 at 2018-03-26 16:57:57 +1100
  
ActionController::RoutingError (No route matches [GET] "/magic_8_ball_answer"):
  
actionpack (5.1.5) lib/action_dispatch/middleware/debug_exceptions.rb:63:in `call'
web-console (3.5.1) lib/web_console/middleware.rb:135:in `call_app'
web-console (3.5.1) lib/web_console/middleware.rb:28:in `block in call'
web-console (3.5.1) lib/web_console/middleware.rb:18:in `catch'
web-console (3.5.1) lib/web_console/middleware.rb:18:in `call'
actionpack (5.1.5) lib/action_dispatch/middleware/show_exceptions.rb:31:in `call'
railties (5.1.5) lib/rails/rack/logger.rb:36:in `call_app'
railties (5.1.5) lib/rails/rack/logger.rb:24:in `block in call'
activesupport (5.1.5) lib/active_support/tagged_logging.rb:69:in `block in tagged'
activesupport (5.1.5) lib/active_support/tagged_logging.rb:26:in `tagged'
activesupport (5.1.5) lib/active_support/tagged_logging.rb:69:in `tagged'
railties (5.1.5) lib/rails/rack/logger.rb:24:in `call'
sprockets-rails (3.2.1) lib/sprockets/rails/quiet_assets.rb:13:in `call'
actionpack (5.1.5) lib/action_dispatch/middleware/remote_ip.rb:79:in `call'
actionpack (5.1.5) lib/action_dispatch/middleware/request_id.rb:25:in `call'
rack (2.0.4) lib/rack/method_override.rb:22:in `call'
rack (2.0.4) lib/rack/runtime.rb:22:in `call'
activesupport (5.1.5) lib/active_support/cache/strategy/local_cache_middleware.rb:27:in `call'
actionpack (5.1.5) lib/action_dispatch/middleware/executor.rb:12:in `call'
actionpack (5.1.5) lib/action_dispatch/middleware/static.rb:125:in `call'
rack (2.0.4) lib/rack/sendfile.rb:111:in `call'
railties (5.1.5) lib/rails/engine.rb:522:in `call'
puma (3.11.3) lib/puma/configuration.rb:225:in `call'
puma (3.11.3) lib/puma/server.rb:624:in `handle_request'
puma (3.11.3) lib/puma/server.rb:438:in `process_client'
puma (3.11.3) lib/puma/server.rb:302:in `block in run'
puma (3.11.3) lib/puma/thread_pool.rb:120:in `block in spawn_thread'
Started GET "/magic_8_ball_answer" for 127.0.0.1 at 2018-03-26 16:59:04 +1100
  
ActionController::RoutingError (No route matches [GET] "/magic_8_ball_answer"):
  
actionpack (5.1.5) lib/action_dispatch/middleware/debug_exceptions.rb:63:in `call'
web-console (3.5.1) lib/web_console/middleware.rb:135:in `call_app'
web-console (3.5.1) lib/web_console/middleware.rb:28:in `block in call'
web-console (3.5.1) lib/web_console/middleware.rb:18:in `catch'
web-console (3.5.1) lib/web_console/middleware.rb:18:in `call'
actionpack (5.1.5) lib/action_dispatch/middleware/show_exceptions.rb:31:in `call'
railties (5.1.5) lib/rails/rack/logger.rb:36:in `call_app'
railties (5.1.5) lib/rails/rack/logger.rb:24:in `block in call'
activesupport (5.1.5) lib/active_support/tagged_logging.rb:69:in `block in tagged'
activesupport (5.1.5) lib/active_support/tagged_logging.rb:26:in `tagged'
activesupport (5.1.5) lib/active_support/tagged_logging.rb:69:in `tagged'
railties (5.1.5) lib/rails/rack/logger.rb:24:in `call'
sprockets-rails (3.2.1) lib/sprockets/rails/quiet_assets.rb:13:in `call'
actionpack (5.1.5) lib/action_dispatch/middleware/remote_ip.rb:79:in `call'
actionpack (5.1.5) lib/action_dispatch/middleware/request_id.rb:25:in `call'
rack (2.0.4) lib/rack/method_override.rb:22:in `call'
rack (2.0.4) lib/rack/runtime.rb:22:in `call'
activesupport (5.1.5) lib/active_support/cache/strategy/local_cache_middleware.rb:27:in `call'
actionpack (5.1.5) lib/action_dispatch/middleware/executor.rb:12:in `call'
actionpack (5.1.5) lib/action_dispatch/middleware/static.rb:125:in `call'
rack (2.0.4) lib/rack/sendfile.rb:111:in `call'
railties (5.1.5) lib/rails/engine.rb:522:in `call'
puma (3.11.3) lib/puma/configuration.rb:225:in `call'
puma (3.11.3) lib/puma/server.rb:624:in `handle_request'
puma (3.11.3) lib/puma/server.rb:438:in `process_client'
puma (3.11.3) lib/puma/server.rb:302:in `block in run'
puma (3.11.3) lib/puma/thread_pool.rb:120:in `block in spawn_thread'
Started GET "/" for 127.0.0.1 at 2018-03-26 16:59:11 +1100
Processing by PagesController#home as HTML
  Rendering pages/home.html.erb within layouts/application
  Rendered pages/home.html.erb within layouts/application (1.2ms)
Completed 200 OK in 67ms (Views: 58.2ms)


Started GET "/magic_8_ball_answer" for 127.0.0.1 at 2018-03-26 16:59:16 +1100
  
ActionController::RoutingError (No route matches [GET] "/magic_8_ball_answer"):
  
actionpack (5.1.5) lib/action_dispatch/middleware/debug_exceptions.rb:63:in `call'
web-console (3.5.1) lib/web_console/middleware.rb:135:in `call_app'
web-console (3.5.1) lib/web_console/middleware.rb:28:in `block in call'
web-console (3.5.1) lib/web_console/middleware.rb:18:in `catch'
web-console (3.5.1) lib/web_console/middleware.rb:18:in `call'
actionpack (5.1.5) lib/action_dispatch/middleware/show_exceptions.rb:31:in `call'
railties (5.1.5) lib/rails/rack/logger.rb:36:in `call_app'
railties (5.1.5) lib/rails/rack/logger.rb:24:in `block in call'
activesupport (5.1.5) lib/active_support/tagged_logging.rb:69:in `block in tagged'
activesupport (5.1.5) lib/active_support/tagged_logging.rb:26:in `tagged'
activesupport (5.1.5) lib/active_support/tagged_logging.rb:69:in `tagged'
railties (5.1.5) lib/rails/rack/logger.rb:24:in `call'
sprockets-rails (3.2.1) lib/sprockets/rails/quiet_assets.rb:13:in `call'
actionpack (5.1.5) lib/action_dispatch/middleware/remote_ip.rb:79:in `call'
actionpack (5.1.5) lib/action_dispatch/middleware/request_id.rb:25:in `call'
rack (2.0.4) lib/rack/method_override.rb:22:in `call'
rack (2.0.4) lib/rack/runtime.rb:22:in `call'
activesupport (5.1.5) lib/active_support/cache/strategy/local_cache_middleware.rb:27:in `call'
actionpack (5.1.5) lib/action_dispatch/middleware/executor.rb:12:in `call'
actionpack (5.1.5) lib/action_dispatch/middleware/static.rb:125:in `call'
rack (2.0.4) lib/rack/sendfile.rb:111:in `call'
railties (5.1.5) lib/rails/engine.rb:522:in `call'
puma (3.11.3) lib/puma/configuration.rb:225:in `call'
puma (3.11.3) lib/puma/server.rb:624:in `handle_request'
puma (3.11.3) lib/puma/server.rb:438:in `process_client'
puma (3.11.3) lib/puma/server.rb:302:in `block in run'
puma (3.11.3) lib/puma/thread_pool.rb:120:in `block in spawn_thread'
Started GET "/" for 127.0.0.1 at 2018-03-26 19:21:02 +1100
Processing by PagesController#home as HTML
  Rendering pages/home.html.erb within layouts/application
  Rendered pages/home.html.erb within layouts/application (3.6ms)
Completed 200 OK in 119ms (Views: 111.4ms)


Started GET "/games/magic_8_ball_answer" for 127.0.0.1 at 2018-03-26 19:21:08 +1100
  
ActionController::RoutingError (No route matches [GET] "/games/magic_8_ball_answer"):
  
actionpack (5.1.5) lib/action_dispatch/middleware/debug_exceptions.rb:63:in `call'
web-console (3.5.1) lib/web_console/middleware.rb:135:in `call_app'
web-console (3.5.1) lib/web_console/middleware.rb:28:in `block in call'
web-console (3.5.1) lib/web_console/middleware.rb:18:in `catch'
web-console (3.5.1) lib/web_console/middleware.rb:18:in `call'
actionpack (5.1.5) lib/action_dispatch/middleware/show_exceptions.rb:31:in `call'
railties (5.1.5) lib/rails/rack/logger.rb:36:in `call_app'
railties (5.1.5) lib/rails/rack/logger.rb:24:in `block in call'
activesupport (5.1.5) lib/active_support/tagged_logging.rb:69:in `block in tagged'
activesupport (5.1.5) lib/active_support/tagged_logging.rb:26:in `tagged'
activesupport (5.1.5) lib/active_support/tagged_logging.rb:69:in `tagged'
railties (5.1.5) lib/rails/rack/logger.rb:24:in `call'
sprockets-rails (3.2.1) lib/sprockets/rails/quiet_assets.rb:13:in `call'
actionpack (5.1.5) lib/action_dispatch/middleware/remote_ip.rb:79:in `call'
actionpack (5.1.5) lib/action_dispatch/middleware/request_id.rb:25:in `call'
rack (2.0.4) lib/rack/method_override.rb:22:in `call'
rack (2.0.4) lib/rack/runtime.rb:22:in `call'
activesupport (5.1.5) lib/active_support/cache/strategy/local_cache_middleware.rb:27:in `call'
actionpack (5.1.5) lib/action_dispatch/middleware/executor.rb:12:in `call'
actionpack (5.1.5) lib/action_dispatch/middleware/static.rb:125:in `call'
rack (2.0.4) lib/rack/sendfile.rb:111:in `call'
railties (5.1.5) lib/rails/engine.rb:522:in `call'
puma (3.11.3) lib/puma/configuration.rb:225:in `call'
puma (3.11.3) lib/puma/server.rb:624:in `handle_request'
puma (3.11.3) lib/puma/server.rb:438:in `process_client'
puma (3.11.3) lib/puma/server.rb:302:in `block in run'
puma (3.11.3) lib/puma/thread_pool.rb:120:in `block in spawn_thread'
Started GET "/games/magic_8_ball_answer" for 127.0.0.1 at 2018-03-26 19:21:40 +1100
  
ActionController::RoutingError (No route matches [GET] "/games/magic_8_ball_answer"):
  
actionpack (5.1.5) lib/action_dispatch/middleware/debug_exceptions.rb:63:in `call'
web-console (3.5.1) lib/web_console/middleware.rb:135:in `call_app'
web-console (3.5.1) lib/web_console/middleware.rb:28:in `block in call'
web-console (3.5.1) lib/web_console/middleware.rb:18:in `catch'
web-console (3.5.1) lib/web_console/middleware.rb:18:in `call'
actionpack (5.1.5) lib/action_dispatch/middleware/show_exceptions.rb:31:in `call'
railties (5.1.5) lib/rails/rack/logger.rb:36:in `call_app'
railties (5.1.5) lib/rails/rack/logger.rb:24:in `block in call'
activesupport (5.1.5) lib/active_support/tagged_logging.rb:69:in `block in tagged'
activesupport (5.1.5) lib/active_support/tagged_logging.rb:26:in `tagged'
activesupport (5.1.5) lib/active_support/tagged_logging.rb:69:in `tagged'
railties (5.1.5) lib/rails/rack/logger.rb:24:in `call'
sprockets-rails (3.2.1) lib/sprockets/rails/quiet_assets.rb:13:in `call'
actionpack (5.1.5) lib/action_dispatch/middleware/remote_ip.rb:79:in `call'
actionpack (5.1.5) lib/action_dispatch/middleware/request_id.rb:25:in `call'
rack (2.0.4) lib/rack/method_override.rb:22:in `call'
rack (2.0.4) lib/rack/runtime.rb:22:in `call'
activesupport (5.1.5) lib/active_support/cache/strategy/local_cache_middleware.rb:27:in `call'
actionpack (5.1.5) lib/action_dispatch/middleware/executor.rb:12:in `call'
actionpack (5.1.5) lib/action_dispatch/middleware/static.rb:125:in `call'
rack (2.0.4) lib/rack/sendfile.rb:111:in `call'
railties (5.1.5) lib/rails/engine.rb:522:in `call'
puma (3.11.3) lib/puma/configuration.rb:225:in `call'
puma (3.11.3) lib/puma/server.rb:624:in `handle_request'
puma (3.11.3) lib/puma/server.rb:438:in `process_client'
puma (3.11.3) lib/puma/server.rb:302:in `block in run'
puma (3.11.3) lib/puma/thread_pool.rb:120:in `block in spawn_thread'
Started GET "/" for 127.0.0.1 at 2018-03-26 19:22:52 +1100
Processing by PagesController#home as HTML
  Rendering pages/home.html.erb within layouts/application
  Rendered pages/home.html.erb within layouts/application (0.5ms)
Completed 200 OK in 88ms (Views: 82.8ms)


Started GET "/games/magic_8_ball_answer" for 127.0.0.1 at 2018-03-26 19:22:56 +1100
  
ActionController::RoutingError (No route matches [GET] "/games/magic_8_ball_answer"):
  
actionpack (5.1.5) lib/action_dispatch/middleware/debug_exceptions.rb:63:in `call'
web-console (3.5.1) lib/web_console/middleware.rb:135:in `call_app'
web-console (3.5.1) lib/web_console/middleware.rb:28:in `block in call'
web-console (3.5.1) lib/web_console/middleware.rb:18:in `catch'
web-console (3.5.1) lib/web_console/middleware.rb:18:in `call'
actionpack (5.1.5) lib/action_dispatch/middleware/show_exceptions.rb:31:in `call'
railties (5.1.5) lib/rails/rack/logger.rb:36:in `call_app'
railties (5.1.5) lib/rails/rack/logger.rb:24:in `block in call'
activesupport (5.1.5) lib/active_support/tagged_logging.rb:69:in `block in tagged'
activesupport (5.1.5) lib/active_support/tagged_logging.rb:26:in `tagged'
activesupport (5.1.5) lib/active_support/tagged_logging.rb:69:in `tagged'
railties (5.1.5) lib/rails/rack/logger.rb:24:in `call'
sprockets-rails (3.2.1) lib/sprockets/rails/quiet_assets.rb:13:in `call'
actionpack (5.1.5) lib/action_dispatch/middleware/remote_ip.rb:79:in `call'
actionpack (5.1.5) lib/action_dispatch/middleware/request_id.rb:25:in `call'
rack (2.0.4) lib/rack/method_override.rb:22:in `call'
rack (2.0.4) lib/rack/runtime.rb:22:in `call'
activesupport (5.1.5) lib/active_support/cache/strategy/local_cache_middleware.rb:27:in `call'
actionpack (5.1.5) lib/action_dispatch/middleware/executor.rb:12:in `call'
actionpack (5.1.5) lib/action_dispatch/middleware/static.rb:125:in `call'
rack (2.0.4) lib/rack/sendfile.rb:111:in `call'
railties (5.1.5) lib/rails/engine.rb:522:in `call'
puma (3.11.3) lib/puma/configuration.rb:225:in `call'
puma (3.11.3) lib/puma/server.rb:624:in `handle_request'
puma (3.11.3) lib/puma/server.rb:438:in `process_client'
puma (3.11.3) lib/puma/server.rb:302:in `block in run'
puma (3.11.3) lib/puma/thread_pool.rb:120:in `block in spawn_thread'
Started GET "/" for 127.0.0.1 at 2018-03-26 19:24:10 +1100
Processing by PagesController#home as HTML
  Rendering pages/home.html.erb within layouts/application
  Rendered pages/home.html.erb within layouts/application (0.5ms)
Completed 200 OK in 87ms (Views: 81.7ms)


Started GET "/games/magic_8_ball" for 127.0.0.1 at 2018-03-26 19:24:14 +1100
Processing by GamesController#magic_8_ball_answer as HTML
Completed 500 Internal Server Error in 159ms


  
NameError (undefined local variable or method `possible_answer' for #<GamesController:0x007f92226435a0>
Did you mean?  possible_answers):
  
app/controllers/games_controller.rb:4:in `magic_8_ball_answer'
Started GET "/" for 127.0.0.1 at 2018-03-26 19:25:10 +1100
Processing by PagesController#home as HTML
  Rendering pages/home.html.erb within layouts/application
  Rendered pages/home.html.erb within layouts/application (0.7ms)
Completed 200 OK in 96ms (Views: 84.6ms)


Started GET "/games/magic_8_ball" for 127.0.0.1 at 2018-03-26 19:25:14 +1100
Processing by GamesController#magic_8_ball_answer as HTML
Completed 500 Internal Server Error in 189ms


  
NameError (undefined local variable or method `possible_answer' for #<GamesController:0x007f9223d333a0>
Did you mean?  possible_answers):
  
app/controllers/games_controller.rb:4:in `magic_8_ball_answer'
Started GET "/" for 127.0.0.1 at 2018-03-26 19:25:37 +1100
Processing by PagesController#home as HTML
  Rendering pages/home.html.erb within layouts/application
  Rendered pages/home.html.erb within layouts/application (0.4ms)
Completed 200 OK in 36ms (Views: 29.4ms)


Started GET "/games/magic_8_ball" for 127.0.0.1 at 2018-03-26 19:25:42 +1100
Processing by GamesController#magic_8_ball_answer as HTML
  Rendering games/magic_8_ball_answer.html.erb within layouts/application
  Rendered games/magic_8_ball_answer.html.erb within layouts/application (1.3ms)
Completed 200 OK in 35ms (Views: 30.0ms)


Started GET "/games/magic_8_ball" for 127.0.0.1 at 2018-03-26 19:27:28 +1100
Processing by GamesController#magic_8_ball_answer as HTML
  Rendering games/magic_8_ball_answer.html.erb within layouts/application
  Rendered games/magic_8_ball_answer.html.erb within layouts/application (0.5ms)
Completed 200 OK in 51ms (Views: 47.5ms)


Started GET "/games/magic_8_ball" for 127.0.0.1 at 2018-03-26 19:30:14 +1100
Processing by GamesController#magic_8_ball_answer as HTML
  Rendering games/magic_8_ball_answer.html.erb within layouts/application
  Rendered games/magic_8_ball_answer.html.erb within layouts/application (0.9ms)
Completed 200 OK in 71ms (Views: 66.5ms)


Started GET "/" for 127.0.0.1 at 2018-03-26 19:30:21 +1100
Processing by PagesController#home as HTML
  Rendering pages/home.html.erb within layouts/application
  Rendered pages/home.html.erb within layouts/application (0.4ms)
Completed 200 OK in 38ms (Views: 31.7ms)


Started GET "/games/magic_8_ball" for 127.0.0.1 at 2018-03-26 19:30:30 +1100
Processing by GamesController#magic_8_ball_answer as HTML
  Rendering games/magic_8_ball_answer.html.erb within layouts/application
  Rendered games/magic_8_ball_answer.html.erb within layouts/application (0.9ms)
Completed 200 OK in 41ms (Views: 35.9ms)


Started GET "/games/magic_8_ball" for 127.0.0.1 at 2018-03-26 19:30:54 +1100
Processing by GamesController#magic_8_ball_answer as HTML
Completed 500 Internal Server Error in 4ms


  
NoMethodError (undefined method `strip' for ["No"]:Array):
  
app/controllers/games_controller.rb:4:in `magic_8_ball_answer'
Started GET "/games/magic_8_ball" for 127.0.0.1 at 2018-03-26 20:01:29 +1100
Processing by GamesController#magic_8_ball_answer as HTML
  Rendering games/magic_8_ball_answer.html.erb within layouts/application
  Rendered games/magic_8_ball_answer.html.erb within layouts/application (0.5ms)
Completed 200 OK in 70ms (Views: 64.7ms)


Started GET "/games/magic_8_ball" for 127.0.0.1 at 2018-03-26 20:09:08 +1100
Processing by GamesController#magic_8_ball_answer as HTML
  Rendering games/magic_8_ball_answer.html.erb within layouts/application
  Rendered games/magic_8_ball_answer.html.erb within layouts/application (0.8ms)
Completed 200 OK in 90ms (Views: 86.2ms)


Started GET "/games/magic_8_ball" for 127.0.0.1 at 2018-03-26 20:09:10 +1100
Processing by GamesController#magic_8_ball_answer as HTML
  Rendering games/magic_8_ball_answer.html.erb within layouts/application
  Rendered games/magic_8_ball_answer.html.erb within layouts/application (0.6ms)
Completed 200 OK in 36ms (Views: 32.4ms)


Started GET "/games/magic_8_ball" for 127.0.0.1 at 2018-03-26 20:09:11 +1100
Processing by GamesController#magic_8_ball_answer as HTML
  Rendering games/magic_8_ball_answer.html.erb within layouts/application
  Rendered games/magic_8_ball_answer.html.erb within layouts/application (0.9ms)
Completed 200 OK in 48ms (Views: 42.1ms)


Started GET "/games/magic_8_ball" for 127.0.0.1 at 2018-03-26 20:09:13 +1100
Processing by GamesController#magic_8_ball_answer as HTML
  Rendering games/magic_8_ball_answer.html.erb within layouts/application
  Rendered games/magic_8_ball_answer.html.erb within layouts/application (0.5ms)
Completed 200 OK in 47ms (Views: 41.9ms)


Started GET "/games/magic_8_ball" for 127.0.0.1 at 2018-03-26 20:09:14 +1100
Processing by GamesController#magic_8_ball_answer as HTML
  Rendering games/magic_8_ball_answer.html.erb within layouts/application
  Rendered games/magic_8_ball_answer.html.erb within layouts/application (2.2ms)
Completed 200 OK in 59ms (Views: 52.3ms)


Started GET "/games/magic_8_ball" for 127.0.0.1 at 2018-03-26 20:09:15 +1100
Processing by GamesController#magic_8_ball_answer as HTML
  Rendering games/magic_8_ball_answer.html.erb within layouts/application
  Rendered games/magic_8_ball_answer.html.erb within layouts/application (0.9ms)
Completed 200 OK in 36ms (Views: 31.5ms)


Started GET "/games/magic_8_ball" for 127.0.0.1 at 2018-03-26 20:09:16 +1100
Processing by GamesController#magic_8_ball_answer as HTML
  Rendering games/magic_8_ball_answer.html.erb within layouts/application
  Rendered games/magic_8_ball_answer.html.erb within layouts/application (0.4ms)
Completed 200 OK in 52ms (Views: 46.4ms)


Started GET "/games/magic_8_ball" for 127.0.0.1 at 2018-03-26 20:25:57 +1100
Processing by GamesController#magic_8_ball_answer as HTML
  Rendering games/magic_8_ball_answer.html.erb within layouts/application
  Rendered games/magic_8_ball_answer.html.erb within layouts/application (4.3ms)
Completed 200 OK in 317ms (Views: 294.4ms)


Started GET "/games/magic_8_ball" for 127.0.0.1 at 2018-03-26 20:27:21 +1100
Processing by GamesController#magic_8_ball_answer as HTML
  Rendering games/magic_8_ball_answer.html.erb within layouts/application
  Rendered games/magic_8_ball_answer.html.erb within layouts/application (1.4ms)
Completed 200 OK in 72ms (Views: 68.0ms)


Started GET "/games/magic_8_ball" for 127.0.0.1 at 2018-03-26 20:27:39 +1100
Processing by GamesController#magic_8_ball_answer as HTML
  Rendering games/magic_8_ball_answer.html.erb within layouts/application
  Rendered games/magic_8_ball_answer.html.erb within layouts/application (1.3ms)
Completed 200 OK in 59ms (Views: 53.1ms)


Started GET "/games/magic_8_ball" for 127.0.0.1 at 2018-03-26 20:28:22 +1100
Processing by GamesController#magic_8_ball_answer as HTML
  Rendering games/magic_8_ball_answer.html.erb within layouts/application
  Rendered games/magic_8_ball_answer.html.erb within layouts/application (0.6ms)
Completed 200 OK in 48ms (Views: 44.1ms)


Started GET "/games/magic_8_ball" for 127.0.0.1 at 2018-03-26 20:28:26 +1100
Processing by GamesController#magic_8_ball_answer as HTML
  Rendering games/magic_8_ball_answer.html.erb within layouts/application
  Rendered games/magic_8_ball_answer.html.erb within layouts/application (0.5ms)
Completed 200 OK in 26ms (Views: 22.7ms)


Started GET "/games/magic_8_ball" for 127.0.0.1 at 2018-03-26 20:29:33 +1100
Processing by GamesController#magic_8_ball_answer as HTML
  Rendering games/magic_8_ball_answer.html.erb within layouts/application
  Rendered games/magic_8_ball_answer.html.erb within layouts/application (0.5ms)
Completed 200 OK in 31ms (Views: 25.8ms)


Started GET "/" for 127.0.0.1 at 2018-03-26 20:29:37 +1100
Processing by PagesController#home as HTML
  Rendering pages/home.html.erb within layouts/application
  Rendered pages/home.html.erb within layouts/application (0.6ms)
Completed 200 OK in 44ms (Views: 33.6ms)


Started GET "/" for 127.0.0.1 at 2018-03-26 20:42:09 +1100
Processing by PagesController#home as HTML
  Rendering pages/home.html.erb within layouts/application
  Rendered pages/home.html.erb within layouts/application (3.0ms)
Completed 200 OK in 215ms (Views: 121.0ms)


Started GET "/" for 127.0.0.1 at 2018-03-26 20:42:51 +1100
Processing by PagesController#home as HTML
  Rendering pages/home.html.erb within layouts/application
  Rendered pages/home.html.erb within layouts/application (0.8ms)
Completed 200 OK in 96ms (Views: 86.9ms)


Started GET "/" for 127.0.0.1 at 2018-03-26 20:45:19 +1100
Processing by PagesController#home as HTML
  Rendering pages/home.html.erb within layouts/application
  Rendered pages/home.html.erb within layouts/application (0.8ms)
Completed 200 OK in 201ms (Views: 197.3ms)


Started GET "/" for 127.0.0.1 at 2018-03-26 20:47:19 +1100
Processing by PagesController#home as HTML
  Rendering pages/home.html.erb within layouts/application
  Rendered pages/home.html.erb within layouts/application (1.1ms)
Completed 200 OK in 124ms (Views: 119.4ms)


Started GET "/" for 127.0.0.1 at 2018-03-26 20:48:11 +1100
Processing by PagesController#home as HTML
  Rendering pages/home.html.erb within layouts/application
  Rendered pages/home.html.erb within layouts/application (0.7ms)
Completed 200 OK in 81ms (Views: 76.1ms)


Started GET "/" for 127.0.0.1 at 2018-03-26 20:49:25 +1100
Processing by PagesController#home as HTML
  Rendering pages/home.html.erb within layouts/application
  Rendered pages/home.html.erb within layouts/application (0.8ms)
Completed 200 OK in 114ms (Views: 108.5ms)


Started GET "/" for 127.0.0.1 at 2018-03-26 20:49:40 +1100
Processing by PagesController#home as HTML
  Rendering pages/home.html.erb within layouts/application
  Rendered pages/home.html.erb within layouts/application (0.5ms)
Completed 200 OK in 36ms (Views: 31.7ms)


Started GET "/" for 127.0.0.1 at 2018-03-26 20:50:12 +1100
Processing by PagesController#home as HTML
  Rendering pages/home.html.erb within layouts/application
  Rendered pages/home.html.erb within layouts/application (1.6ms)
Completed 200 OK in 103ms (Views: 98.5ms)


Started GET "/" for 127.0.0.1 at 2018-03-26 20:50:51 +1100
Processing by PagesController#home as HTML
  Rendering pages/home.html.erb within layouts/application
  Rendered pages/home.html.erb within layouts/application (0.5ms)
Completed 200 OK in 87ms (Views: 77.8ms)


Started GET "/" for 127.0.0.1 at 2018-03-26 20:51:41 +1100
Processing by PagesController#home as HTML
  Rendering pages/home.html.erb within layouts/application
  Rendered pages/home.html.erb within layouts/application (0.9ms)
Completed 200 OK in 101ms (Views: 96.0ms)


Started GET "/" for 127.0.0.1 at 2018-03-26 20:53:26 +1100
Processing by PagesController#home as HTML
  Rendering pages/home.html.erb within layouts/application
  Rendered pages/home.html.erb within layouts/application (0.7ms)
Completed 200 OK in 94ms (Views: 86.1ms)


Started GET "/" for 127.0.0.1 at 2018-03-26 20:53:32 +1100
Processing by PagesController#home as HTML
  Rendering pages/home.html.erb within layouts/application
  Rendered pages/home.html.erb within layouts/application (0.6ms)
Completed 200 OK in 40ms (Views: 35.0ms)


Started GET "/" for 127.0.0.1 at 2018-03-26 20:54:44 +1100
Processing by PagesController#home as HTML
  Rendering pages/home.html.erb within layouts/application
  Rendered pages/home.html.erb within layouts/application (1.1ms)
Completed 200 OK in 55ms (Views: 49.0ms)


Started GET "/" for 127.0.0.1 at 2018-03-26 20:55:23 +1100
Processing by PagesController#home as HTML
  Rendering pages/home.html.erb within layouts/application
  Rendered pages/home.html.erb within layouts/application (0.9ms)
Completed 200 OK in 56ms (Views: 51.1ms)


Started GET "/" for 127.0.0.1 at 2018-03-26 20:56:41 +1100
Processing by PagesController#home as HTML
  Rendering pages/home.html.erb within layouts/application
  Rendered pages/home.html.erb within layouts/application (0.6ms)
Completed 200 OK in 92ms (Views: 86.1ms)


Started GET "/" for 127.0.0.1 at 2018-03-26 20:58:00 +1100
Processing by PagesController#home as HTML
  Rendering pages/home.html.erb within layouts/application
  Rendered pages/home.html.erb within layouts/application (0.7ms)
Completed 200 OK in 56ms (Views: 51.9ms)


Started GET "/" for 127.0.0.1 at 2018-03-26 20:58:59 +1100
Processing by PagesController#home as HTML
  Rendering pages/home.html.erb within layouts/application
  Rendered pages/home.html.erb within layouts/application (0.8ms)
Completed 200 OK in 88ms (Views: 76.4ms)


Started GET "/" for 127.0.0.1 at 2018-03-26 20:58:59 +1100
Processing by PagesController#home as HTML
  Rendering pages/home.html.erb within layouts/application
  Rendered pages/home.html.erb within layouts/application (0.6ms)
Completed 200 OK in 167ms (Views: 156.8ms)


Started GET "/" for 127.0.0.1 at 2018-03-26 21:01:11 +1100
Processing by PagesController#home as HTML
  Rendering pages/home.html.erb within layouts/application
  Rendered pages/home.html.erb within layouts/application (0.5ms)
Completed 200 OK in 51ms (Views: 44.9ms)


Started GET "/" for 127.0.0.1 at 2018-03-26 21:02:56 +1100
Processing by PagesController#home as HTML
  Rendering pages/home.html.erb within layouts/application
  Rendered pages/home.html.erb within layouts/application (0.5ms)
Completed 200 OK in 65ms (Views: 59.6ms)


Started GET "/" for 127.0.0.1 at 2018-03-26 21:04:38 +1100
Processing by PagesController#home as HTML
  Rendering pages/home.html.erb within layouts/application
  Rendered pages/home.html.erb within layouts/application (0.5ms)
Completed 200 OK in 32ms (Views: 27.2ms)


Started GET "/games/secret_number" for 127.0.0.1 at 2018-03-26 21:04:47 +1100
  
ActionController::RoutingError (uninitialized constant GameController):
  
activesupport (5.1.5) lib/active_support/inflector/methods.rb:269:in `const_get'
activesupport (5.1.5) lib/active_support/inflector/methods.rb:269:in `block in constantize'
activesupport (5.1.5) lib/active_support/inflector/methods.rb:267:in `each'
activesupport (5.1.5) lib/active_support/inflector/methods.rb:267:in `inject'
activesupport (5.1.5) lib/active_support/inflector/methods.rb:267:in `constantize'
actionpack (5.1.5) lib/action_dispatch/http/request.rb:85:in `controller_class_for'
actionpack (5.1.5) lib/action_dispatch/http/request.rb:78:in `controller_class'
actionpack (5.1.5) lib/action_dispatch/routing/route_set.rb:43:in `controller'
actionpack (5.1.5) lib/action_dispatch/routing/route_set.rb:29:in `serve'
actionpack (5.1.5) lib/action_dispatch/journey/router.rb:50:in `block in serve'
actionpack (5.1.5) lib/action_dispatch/journey/router.rb:33:in `each'
actionpack (5.1.5) lib/action_dispatch/journey/router.rb:33:in `serve'
actionpack (5.1.5) lib/action_dispatch/routing/route_set.rb:844:in `call'
rack (2.0.4) lib/rack/etag.rb:25:in `call'
rack (2.0.4) lib/rack/conditional_get.rb:25:in `call'
rack (2.0.4) lib/rack/head.rb:12:in `call'
rack (2.0.4) lib/rack/session/abstract/id.rb:232:in `context'
rack (2.0.4) lib/rack/session/abstract/id.rb:226:in `call'
actionpack (5.1.5) lib/action_dispatch/middleware/cookies.rb:613:in `call'
activerecord (5.1.5) lib/active_record/migration.rb:556:in `call'
actionpack (5.1.5) lib/action_dispatch/middleware/callbacks.rb:26:in `block in call'
activesupport (5.1.5) lib/active_support/callbacks.rb:97:in `run_callbacks'
actionpack (5.1.5) lib/action_dispatch/middleware/callbacks.rb:24:in `call'
actionpack (5.1.5) lib/action_dispatch/middleware/executor.rb:12:in `call'
actionpack (5.1.5) lib/action_dispatch/middleware/debug_exceptions.rb:59:in `call'
web-console (3.5.1) lib/web_console/middleware.rb:135:in `call_app'
web-console (3.5.1) lib/web_console/middleware.rb:28:in `block in call'
web-console (3.5.1) lib/web_console/middleware.rb:18:in `catch'
web-console (3.5.1) lib/web_console/middleware.rb:18:in `call'
actionpack (5.1.5) lib/action_dispatch/middleware/show_exceptions.rb:31:in `call'
railties (5.1.5) lib/rails/rack/logger.rb:36:in `call_app'
railties (5.1.5) lib/rails/rack/logger.rb:24:in `block in call'
activesupport (5.1.5) lib/active_support/tagged_logging.rb:69:in `block in tagged'
activesupport (5.1.5) lib/active_support/tagged_logging.rb:26:in `tagged'
activesupport (5.1.5) lib/active_support/tagged_logging.rb:69:in `tagged'
railties (5.1.5) lib/rails/rack/logger.rb:24:in `call'
sprockets-rails (3.2.1) lib/sprockets/rails/quiet_assets.rb:13:in `call'
actionpack (5.1.5) lib/action_dispatch/middleware/remote_ip.rb:79:in `call'
actionpack (5.1.5) lib/action_dispatch/middleware/request_id.rb:25:in `call'
rack (2.0.4) lib/rack/method_override.rb:22:in `call'
rack (2.0.4) lib/rack/runtime.rb:22:in `call'
activesupport (5.1.5) lib/active_support/cache/strategy/local_cache_middleware.rb:27:in `call'
actionpack (5.1.5) lib/action_dispatch/middleware/executor.rb:12:in `call'
actionpack (5.1.5) lib/action_dispatch/middleware/static.rb:125:in `call'
rack (2.0.4) lib/rack/sendfile.rb:111:in `call'
railties (5.1.5) lib/rails/engine.rb:522:in `call'
puma (3.11.3) lib/puma/configuration.rb:225:in `call'
puma (3.11.3) lib/puma/server.rb:624:in `handle_request'
puma (3.11.3) lib/puma/server.rb:438:in `process_client'
puma (3.11.3) lib/puma/server.rb:302:in `block in run'
puma (3.11.3) lib/puma/thread_pool.rb:120:in `block in spawn_thread'
Started GET "/" for 127.0.0.1 at 2018-03-26 21:06:56 +1100
Processing by PagesController#home as HTML
  Rendering pages/home.html.erb within layouts/application
  Rendered pages/home.html.erb within layouts/application (0.5ms)
Completed 200 OK in 47ms (Views: 43.4ms)


Started GET "/" for 127.0.0.1 at 2018-03-26 21:07:02 +1100
Processing by PagesController#home as HTML
  Rendering pages/home.html.erb within layouts/application
  Rendered pages/home.html.erb within layouts/application (0.4ms)
Completed 200 OK in 39ms (Views: 33.5ms)


Started GET "/games/secret_number" for 127.0.0.1 at 2018-03-26 21:07:03 +1100
  
ActionController::RoutingError (uninitialized constant GameController):
  
activesupport (5.1.5) lib/active_support/inflector/methods.rb:269:in `const_get'
activesupport (5.1.5) lib/active_support/inflector/methods.rb:269:in `block in constantize'
activesupport (5.1.5) lib/active_support/inflector/methods.rb:267:in `each'
activesupport (5.1.5) lib/active_support/inflector/methods.rb:267:in `inject'
activesupport (5.1.5) lib/active_support/inflector/methods.rb:267:in `constantize'
actionpack (5.1.5) lib/action_dispatch/http/request.rb:85:in `controller_class_for'
actionpack (5.1.5) lib/action_dispatch/http/request.rb:78:in `controller_class'
actionpack (5.1.5) lib/action_dispatch/routing/route_set.rb:43:in `controller'
actionpack (5.1.5) lib/action_dispatch/routing/route_set.rb:29:in `serve'
actionpack (5.1.5) lib/action_dispatch/journey/router.rb:50:in `block in serve'
actionpack (5.1.5) lib/action_dispatch/journey/router.rb:33:in `each'
actionpack (5.1.5) lib/action_dispatch/journey/router.rb:33:in `serve'
actionpack (5.1.5) lib/action_dispatch/routing/route_set.rb:844:in `call'
rack (2.0.4) lib/rack/etag.rb:25:in `call'
rack (2.0.4) lib/rack/conditional_get.rb:25:in `call'
rack (2.0.4) lib/rack/head.rb:12:in `call'
rack (2.0.4) lib/rack/session/abstract/id.rb:232:in `context'
rack (2.0.4) lib/rack/session/abstract/id.rb:226:in `call'
actionpack (5.1.5) lib/action_dispatch/middleware/cookies.rb:613:in `call'
activerecord (5.1.5) lib/active_record/migration.rb:556:in `call'
actionpack (5.1.5) lib/action_dispatch/middleware/callbacks.rb:26:in `block in call'
activesupport (5.1.5) lib/active_support/callbacks.rb:97:in `run_callbacks'
actionpack (5.1.5) lib/action_dispatch/middleware/callbacks.rb:24:in `call'
actionpack (5.1.5) lib/action_dispatch/middleware/executor.rb:12:in `call'
actionpack (5.1.5) lib/action_dispatch/middleware/debug_exceptions.rb:59:in `call'
web-console (3.5.1) lib/web_console/middleware.rb:135:in `call_app'
web-console (3.5.1) lib/web_console/middleware.rb:28:in `block in call'
web-console (3.5.1) lib/web_console/middleware.rb:18:in `catch'
web-console (3.5.1) lib/web_console/middleware.rb:18:in `call'
actionpack (5.1.5) lib/action_dispatch/middleware/show_exceptions.rb:31:in `call'
railties (5.1.5) lib/rails/rack/logger.rb:36:in `call_app'
railties (5.1.5) lib/rails/rack/logger.rb:24:in `block in call'
activesupport (5.1.5) lib/active_support/tagged_logging.rb:69:in `block in tagged'
activesupport (5.1.5) lib/active_support/tagged_logging.rb:26:in `tagged'
activesupport (5.1.5) lib/active_support/tagged_logging.rb:69:in `tagged'
railties (5.1.5) lib/rails/rack/logger.rb:24:in `call'
sprockets-rails (3.2.1) lib/sprockets/rails/quiet_assets.rb:13:in `call'
actionpack (5.1.5) lib/action_dispatch/middleware/remote_ip.rb:79:in `call'
actionpack (5.1.5) lib/action_dispatch/middleware/request_id.rb:25:in `call'
rack (2.0.4) lib/rack/method_override.rb:22:in `call'
rack (2.0.4) lib/rack/runtime.rb:22:in `call'
activesupport (5.1.5) lib/active_support/cache/strategy/local_cache_middleware.rb:27:in `call'
actionpack (5.1.5) lib/action_dispatch/middleware/executor.rb:12:in `call'
actionpack (5.1.5) lib/action_dispatch/middleware/static.rb:125:in `call'
rack (2.0.4) lib/rack/sendfile.rb:111:in `call'
railties (5.1.5) lib/rails/engine.rb:522:in `call'
puma (3.11.3) lib/puma/configuration.rb:225:in `call'
puma (3.11.3) lib/puma/server.rb:624:in `handle_request'
puma (3.11.3) lib/puma/server.rb:438:in `process_client'
puma (3.11.3) lib/puma/server.rb:302:in `block in run'
puma (3.11.3) lib/puma/thread_pool.rb:120:in `block in spawn_thread'
Started GET "/games/secret_number" for 127.0.0.1 at 2018-03-26 21:08:54 +1100
  
ActionController::RoutingError (uninitialized constant GameController):
  
activesupport (5.1.5) lib/active_support/inflector/methods.rb:269:in `const_get'
activesupport (5.1.5) lib/active_support/inflector/methods.rb:269:in `block in constantize'
activesupport (5.1.5) lib/active_support/inflector/methods.rb:267:in `each'
activesupport (5.1.5) lib/active_support/inflector/methods.rb:267:in `inject'
activesupport (5.1.5) lib/active_support/inflector/methods.rb:267:in `constantize'
actionpack (5.1.5) lib/action_dispatch/http/request.rb:85:in `controller_class_for'
actionpack (5.1.5) lib/action_dispatch/http/request.rb:78:in `controller_class'
actionpack (5.1.5) lib/action_dispatch/routing/route_set.rb:43:in `controller'
actionpack (5.1.5) lib/action_dispatch/routing/route_set.rb:29:in `serve'
actionpack (5.1.5) lib/action_dispatch/journey/router.rb:50:in `block in serve'
actionpack (5.1.5) lib/action_dispatch/journey/router.rb:33:in `each'
actionpack (5.1.5) lib/action_dispatch/journey/router.rb:33:in `serve'
actionpack (5.1.5) lib/action_dispatch/routing/route_set.rb:844:in `call'
rack (2.0.4) lib/rack/etag.rb:25:in `call'
rack (2.0.4) lib/rack/conditional_get.rb:25:in `call'
rack (2.0.4) lib/rack/head.rb:12:in `call'
rack (2.0.4) lib/rack/session/abstract/id.rb:232:in `context'
rack (2.0.4) lib/rack/session/abstract/id.rb:226:in `call'
actionpack (5.1.5) lib/action_dispatch/middleware/cookies.rb:613:in `call'
activerecord (5.1.5) lib/active_record/migration.rb:556:in `call'
actionpack (5.1.5) lib/action_dispatch/middleware/callbacks.rb:26:in `block in call'
activesupport (5.1.5) lib/active_support/callbacks.rb:97:in `run_callbacks'
actionpack (5.1.5) lib/action_dispatch/middleware/callbacks.rb:24:in `call'
actionpack (5.1.5) lib/action_dispatch/middleware/executor.rb:12:in `call'
actionpack (5.1.5) lib/action_dispatch/middleware/debug_exceptions.rb:59:in `call'
web-console (3.5.1) lib/web_console/middleware.rb:135:in `call_app'
web-console (3.5.1) lib/web_console/middleware.rb:28:in `block in call'
web-console (3.5.1) lib/web_console/middleware.rb:18:in `catch'
web-console (3.5.1) lib/web_console/middleware.rb:18:in `call'
actionpack (5.1.5) lib/action_dispatch/middleware/show_exceptions.rb:31:in `call'
railties (5.1.5) lib/rails/rack/logger.rb:36:in `call_app'
railties (5.1.5) lib/rails/rack/logger.rb:24:in `block in call'
activesupport (5.1.5) lib/active_support/tagged_logging.rb:69:in `block in tagged'
activesupport (5.1.5) lib/active_support/tagged_logging.rb:26:in `tagged'
activesupport (5.1.5) lib/active_support/tagged_logging.rb:69:in `tagged'
railties (5.1.5) lib/rails/rack/logger.rb:24:in `call'
sprockets-rails (3.2.1) lib/sprockets/rails/quiet_assets.rb:13:in `call'
actionpack (5.1.5) lib/action_dispatch/middleware/remote_ip.rb:79:in `call'
actionpack (5.1.5) lib/action_dispatch/middleware/request_id.rb:25:in `call'
rack (2.0.4) lib/rack/method_override.rb:22:in `call'
rack (2.0.4) lib/rack/runtime.rb:22:in `call'
activesupport (5.1.5) lib/active_support/cache/strategy/local_cache_middleware.rb:27:in `call'
actionpack (5.1.5) lib/action_dispatch/middleware/executor.rb:12:in `call'
actionpack (5.1.5) lib/action_dispatch/middleware/static.rb:125:in `call'
rack (2.0.4) lib/rack/sendfile.rb:111:in `call'
railties (5.1.5) lib/rails/engine.rb:522:in `call'
puma (3.11.3) lib/puma/configuration.rb:225:in `call'
puma (3.11.3) lib/puma/server.rb:624:in `handle_request'
puma (3.11.3) lib/puma/server.rb:438:in `process_client'
puma (3.11.3) lib/puma/server.rb:302:in `block in run'
puma (3.11.3) lib/puma/thread_pool.rb:120:in `block in spawn_thread'
Started GET "/" for 127.0.0.1 at 2018-03-26 21:09:09 +1100
Processing by PagesController#home as HTML
  Rendering pages/home.html.erb within layouts/application
  Rendered pages/home.html.erb within layouts/application (0.7ms)
Completed 200 OK in 44ms (Views: 40.0ms)


Started GET "/" for 127.0.0.1 at 2018-03-26 21:14:22 +1100
Processing by PagesController#home as HTML
  Rendering pages/home.html.erb within layouts/application
  Rendered pages/home.html.erb within layouts/application (1.4ms)
Completed 200 OK in 90ms (Views: 83.7ms)


Started GET "/games/secret_number" for 127.0.0.1 at 2018-03-26 21:14:25 +1100
  
ActionController::RoutingError (uninitialized constant GameController):
  
activesupport (5.1.5) lib/active_support/inflector/methods.rb:269:in `const_get'
activesupport (5.1.5) lib/active_support/inflector/methods.rb:269:in `block in constantize'
activesupport (5.1.5) lib/active_support/inflector/methods.rb:267:in `each'
activesupport (5.1.5) lib/active_support/inflector/methods.rb:267:in `inject'
activesupport (5.1.5) lib/active_support/inflector/methods.rb:267:in `constantize'
actionpack (5.1.5) lib/action_dispatch/http/request.rb:85:in `controller_class_for'
actionpack (5.1.5) lib/action_dispatch/http/request.rb:78:in `controller_class'
actionpack (5.1.5) lib/action_dispatch/routing/route_set.rb:43:in `controller'
actionpack (5.1.5) lib/action_dispatch/routing/route_set.rb:29:in `serve'
actionpack (5.1.5) lib/action_dispatch/journey/router.rb:50:in `block in serve'
actionpack (5.1.5) lib/action_dispatch/journey/router.rb:33:in `each'
actionpack (5.1.5) lib/action_dispatch/journey/router.rb:33:in `serve'
actionpack (5.1.5) lib/action_dispatch/routing/route_set.rb:844:in `call'
rack (2.0.4) lib/rack/etag.rb:25:in `call'
rack (2.0.4) lib/rack/conditional_get.rb:25:in `call'
rack (2.0.4) lib/rack/head.rb:12:in `call'
rack (2.0.4) lib/rack/session/abstract/id.rb:232:in `context'
rack (2.0.4) lib/rack/session/abstract/id.rb:226:in `call'
actionpack (5.1.5) lib/action_dispatch/middleware/cookies.rb:613:in `call'
activerecord (5.1.5) lib/active_record/migration.rb:556:in `call'
actionpack (5.1.5) lib/action_dispatch/middleware/callbacks.rb:26:in `block in call'
activesupport (5.1.5) lib/active_support/callbacks.rb:97:in `run_callbacks'
actionpack (5.1.5) lib/action_dispatch/middleware/callbacks.rb:24:in `call'
actionpack (5.1.5) lib/action_dispatch/middleware/executor.rb:12:in `call'
actionpack (5.1.5) lib/action_dispatch/middleware/debug_exceptions.rb:59:in `call'
web-console (3.5.1) lib/web_console/middleware.rb:135:in `call_app'
web-console (3.5.1) lib/web_console/middleware.rb:28:in `block in call'
web-console (3.5.1) lib/web_console/middleware.rb:18:in `catch'
web-console (3.5.1) lib/web_console/middleware.rb:18:in `call'
actionpack (5.1.5) lib/action_dispatch/middleware/show_exceptions.rb:31:in `call'
railties (5.1.5) lib/rails/rack/logger.rb:36:in `call_app'
railties (5.1.5) lib/rails/rack/logger.rb:24:in `block in call'
activesupport (5.1.5) lib/active_support/tagged_logging.rb:69:in `block in tagged'
activesupport (5.1.5) lib/active_support/tagged_logging.rb:26:in `tagged'
activesupport (5.1.5) lib/active_support/tagged_logging.rb:69:in `tagged'
railties (5.1.5) lib/rails/rack/logger.rb:24:in `call'
sprockets-rails (3.2.1) lib/sprockets/rails/quiet_assets.rb:13:in `call'
actionpack (5.1.5) lib/action_dispatch/middleware/remote_ip.rb:79:in `call'
actionpack (5.1.5) lib/action_dispatch/middleware/request_id.rb:25:in `call'
rack (2.0.4) lib/rack/method_override.rb:22:in `call'
rack (2.0.4) lib/rack/runtime.rb:22:in `call'
activesupport (5.1.5) lib/active_support/cache/strategy/local_cache_middleware.rb:27:in `call'
actionpack (5.1.5) lib/action_dispatch/middleware/executor.rb:12:in `call'
actionpack (5.1.5) lib/action_dispatch/middleware/static.rb:125:in `call'
rack (2.0.4) lib/rack/sendfile.rb:111:in `call'
railties (5.1.5) lib/rails/engine.rb:522:in `call'
puma (3.11.3) lib/puma/configuration.rb:225:in `call'
puma (3.11.3) lib/puma/server.rb:624:in `handle_request'
puma (3.11.3) lib/puma/server.rb:438:in `process_client'
puma (3.11.3) lib/puma/server.rb:302:in `block in run'
puma (3.11.3) lib/puma/thread_pool.rb:120:in `block in spawn_thread'
Started GET "/" for 127.0.0.1 at 2018-03-26 21:14:59 +1100
Processing by PagesController#home as HTML
  Rendering pages/home.html.erb within layouts/application
  Rendered pages/home.html.erb within layouts/application (0.7ms)
Completed 200 OK in 98ms (Views: 92.3ms)


Started GET "/" for 127.0.0.1 at 2018-03-26 21:15:03 +1100
Processing by PagesController#home as HTML
  Rendering pages/home.html.erb within layouts/application
  Rendered pages/home.html.erb within layouts/application (1.1ms)
Completed 200 OK in 47ms (Views: 39.8ms)


Started GET "/" for 127.0.0.1 at 2018-03-26 21:15:03 +1100
Processing by PagesController#home as HTML
  Rendering pages/home.html.erb within layouts/application
  Rendered pages/home.html.erb within layouts/application (0.6ms)
Completed 200 OK in 69ms (Views: 60.3ms)


Started GET "/games/secret_number" for 127.0.0.1 at 2018-03-26 21:15:06 +1100
Processing by GamesController#secret_number_result as HTML
  Rendering games/secret_number_result.html.erb within layouts/application
  Rendered games/secret_number_result.html.erb within layouts/application (0.4ms)
Completed 200 OK in 34ms (Views: 27.0ms)


Started GET "/games/secret_number" for 127.0.0.1 at 2018-03-26 21:15:33 +1100
Processing by GamesController#secret_number_result as HTML
  Rendering games/secret_number_result.html.erb within layouts/application
  Rendered games/secret_number_result.html.erb within layouts/application (0.5ms)
Completed 200 OK in 31ms (Views: 25.9ms)


Started GET "/" for 127.0.0.1 at 2018-03-26 21:17:17 +1100
Processing by PagesController#home as HTML
  Rendering pages/home.html.erb within layouts/application
  Rendered pages/home.html.erb within layouts/application (0.5ms)
Completed 200 OK in 82ms (Views: 62.4ms)


Started GET "/games/magic_8_ball" for 127.0.0.1 at 2018-03-26 21:17:46 +1100
Processing by GamesController#magic_8_ball_answer as HTML
  Rendering games/magic_8_ball_answer.html.erb within layouts/application
  Rendered games/magic_8_ball_answer.html.erb within layouts/application (1.0ms)
Completed 200 OK in 45ms (Views: 39.0ms)


Started GET "/" for 127.0.0.1 at 2018-03-26 21:17:54 +1100
Processing by PagesController#home as HTML
  Rendering pages/home.html.erb within layouts/application
  Rendered pages/home.html.erb within layouts/application (0.9ms)
Completed 200 OK in 66ms (Views: 57.6ms)


Started GET "/games/magic_8_ball" for 127.0.0.1 at 2018-03-26 21:17:59 +1100
Processing by GamesController#magic_8_ball_answer as HTML
  Rendering games/magic_8_ball_answer.html.erb within layouts/application
  Rendered games/magic_8_ball_answer.html.erb within layouts/application (0.4ms)
Completed 200 OK in 36ms (Views: 32.1ms)


Started GET "/" for 127.0.0.1 at 2018-03-26 21:18:08 +1100
Processing by PagesController#home as HTML
  Rendering pages/home.html.erb within layouts/application
  Rendered pages/home.html.erb within layouts/application (0.4ms)
Completed 200 OK in 53ms (Views: 46.2ms)


Started GET "/games/secret_number" for 127.0.0.1 at 2018-03-26 21:18:27 +1100
Processing by GamesController#secret_number_result as HTML
  Rendering games/secret_number_result.html.erb within layouts/application
  Rendered games/secret_number_result.html.erb within layouts/application (0.8ms)
Completed 200 OK in 55ms (Views: 46.4ms)


Started GET "/games/secret_number" for 127.0.0.1 at 2018-03-26 21:21:54 +1100
Processing by GamesController#secret_number_result as HTML
  Rendering games/secret_number_result.html.erb within layouts/application
  Rendered games/secret_number_result.html.erb within layouts/application (0.7ms)
Completed 200 OK in 152ms (Views: 148.3ms)


Started GET "/games/secret_number" for 127.0.0.1 at 2018-03-26 21:22:38 +1100
Processing by GamesController#secret_number_result as HTML
  Rendering games/secret_number_result.html.erb within layouts/application
  Rendered games/secret_number_result.html.erb within layouts/application (0.6ms)
Completed 200 OK in 47ms (Views: 37.0ms)


Started GET "/games/secret_number" for 127.0.0.1 at 2018-03-26 21:23:23 +1100
Processing by GamesController#secret_number_result as HTML
  Rendering games/secret_number_result.html.erb within layouts/application
  Rendered games/secret_number_result.html.erb within layouts/application (0.7ms)
Completed 200 OK in 42ms (Views: 37.7ms)


Started GET "/games/secret_number" for 127.0.0.1 at 2018-03-26 21:23:50 +1100
Processing by GamesController#secret_number_result as HTML
  Rendering games/secret_number_result.html.erb within layouts/application
  Rendered games/secret_number_result.html.erb within layouts/application (0.6ms)
Completed 200 OK in 37ms (Views: 33.7ms)


Started GET "/" for 127.0.0.1 at 2018-03-26 21:24:46 +1100
Processing by PagesController#home as HTML
  Rendering pages/home.html.erb within layouts/application
  Rendered pages/home.html.erb within layouts/application (2.3ms)
Completed 200 OK in 50ms (Views: 42.8ms)


Started GET "/" for 127.0.0.1 at 2018-03-26 21:28:11 +1100
Processing by PagesController#home as HTML
  Rendering pages/home.html.erb within layouts/application
  Rendered pages/home.html.erb within layouts/application (4.0ms)
Completed 200 OK in 110ms (Views: 102.5ms)


Started GET "/" for 127.0.0.1 at 2018-03-26 21:28:44 +1100
Processing by PagesController#home as HTML
  Rendering pages/home.html.erb within layouts/application
  Rendered pages/home.html.erb within layouts/application (0.7ms)
Completed 200 OK in 50ms (Views: 45.5ms)


Started GET "/" for 127.0.0.1 at 2018-03-26 22:00:12 +1100
Processing by PagesController#home as HTML
  Rendering pages/home.html.erb within layouts/application
  Rendered pages/home.html.erb within layouts/application (0.7ms)
Completed 200 OK in 68ms (Views: 62.3ms)


Started GET "/games/scissors_paper_rock/scissors" for 127.0.0.1 at 2018-03-26 22:00:19 +1100
  
SyntaxError (/Users/katrinahayes/Projects/WDi26-Homework/Katrina_Hayes/week_05/day_01/games-on-rails/app/controllers/games_controller.rb:37: syntax error, unexpected end-of-input, expecting keyword_end):
  
app/controllers/games_controller.rb:37: syntax error, unexpected end-of-input, expecting keyword_end
Started GET "/games/scissors_paper_rock/scissors" for 127.0.0.1 at 2018-03-26 22:01:25 +1100
Processing by GamesController#scissors_paper_rock_play as HTML
  Parameters: {"throw"=>"scissors"}
  Rendering games/scissors_paper_rock_play.html.erb within layouts/application
  Rendered games/scissors_paper_rock_play.html.erb within layouts/application (0.7ms)
Completed 200 OK in 80ms (Views: 73.0ms)


Started GET "/games/scissors_paper_rock/scissors" for 127.0.0.1 at 2018-03-26 22:02:44 +1100
Processing by GamesController#scissors_paper_rock_play as HTML
  Parameters: {"throw"=>"scissors"}
  Rendering games/scissors_paper_rock_play.html.erb within layouts/application
  Rendered games/scissors_paper_rock_play.html.erb within layouts/application (0.5ms)
Completed 200 OK in 27ms (Views: 23.7ms)


Started GET "/games/scissors_paper_rock/scissors" for 127.0.0.1 at 2018-03-26 22:03:33 +1100
Processing by GamesController#scissors_paper_rock_play as HTML
  Parameters: {"throw"=>"scissors"}
  Rendering games/scissors_paper_rock_play.html.erb within layouts/application
  Rendered games/scissors_paper_rock_play.html.erb within layouts/application (0.5ms)
Completed 200 OK in 31ms (Views: 27.9ms)


Started GET "/" for 127.0.0.1 at 2018-03-26 22:05:00 +1100
Processing by PagesController#home as HTML
  Rendering pages/home.html.erb within layouts/application
  Rendered pages/home.html.erb within layouts/application (0.5ms)
Completed 200 OK in 56ms (Views: 52.3ms)


Started GET "/" for 127.0.0.1 at 2018-03-26 22:11:03 +1100
Processing by PagesController#home as HTML
  Rendering pages/home.html.erb within layouts/application
  Rendered pages/home.html.erb within layouts/application (0.7ms)
Completed 200 OK in 74ms (Views: 66.4ms)


Started GET "/" for 127.0.0.1 at 2018-03-26 22:12:29 +1100
Processing by PagesController#home as HTML
  Rendering pages/home.html.erb within layouts/application
  Rendered pages/home.html.erb within layouts/application (0.5ms)
Completed 200 OK in 79ms (Views: 73.7ms)


Started GET "/" for 127.0.0.1 at 2018-03-26 22:13:58 +1100
Processing by PagesController#home as HTML
  Rendering pages/home.html.erb within layouts/application
  Rendered pages/home.html.erb within layouts/application (0.5ms)
Completed 200 OK in 212ms (Views: 206.9ms)


Started GET "/" for 127.0.0.1 at 2018-03-26 22:15:13 +1100
Processing by PagesController#home as HTML
  Rendering pages/home.html.erb within layouts/application
  Rendered pages/home.html.erb within layouts/application (1.2ms)
Completed 200 OK in 170ms (Views: 164.5ms)


Started GET "/" for 127.0.0.1 at 2018-03-26 22:16:15 +1100
Processing by PagesController#home as HTML
  Rendering pages/home.html.erb within layouts/application
  Rendered pages/home.html.erb within layouts/application (3.3ms)
Completed 200 OK in 106ms (Views: 98.7ms)


Started GET "/" for 127.0.0.1 at 2018-03-26 22:16:58 +1100
Processing by PagesController#home as HTML
  Rendering pages/home.html.erb within layouts/application
  Rendered pages/home.html.erb within layouts/application (0.5ms)
Completed 200 OK in 63ms (Views: 57.2ms)


Started GET "/" for 127.0.0.1 at 2018-03-26 22:18:00 +1100
Processing by PagesController#home as HTML
  Rendering pages/home.html.erb within layouts/application
  Rendered pages/home.html.erb within layouts/application (0.7ms)
Completed 200 OK in 75ms (Views: 67.2ms)


Started GET "/" for 127.0.0.1 at 2018-03-26 22:18:27 +1100
Processing by PagesController#home as HTML
  Rendering pages/home.html.erb within layouts/application
  Rendered pages/home.html.erb within layouts/application (3.0ms)
Completed 200 OK in 79ms (Views: 72.0ms)


Started GET "/" for 127.0.0.1 at 2018-03-26 22:19:52 +1100
Processing by PagesController#home as HTML
  Rendering pages/home.html.erb within layouts/application
  Rendered pages/home.html.erb within layouts/application (0.6ms)
Completed 200 OK in 84ms (Views: 75.5ms)


Started GET "/" for 127.0.0.1 at 2018-03-26 22:22:03 +1100
Processing by PagesController#home as HTML
  Rendering pages/home.html.erb within layouts/application
  Rendered pages/home.html.erb within layouts/application (2.0ms)
Completed 200 OK in 92ms (Views: 86.1ms)


Started GET "/" for 127.0.0.1 at 2018-03-26 22:23:02 +1100
Processing by PagesController#home as HTML
  Rendering pages/home.html.erb within layouts/application
  Rendered pages/home.html.erb within layouts/application (1.9ms)
Completed 200 OK in 91ms (Views: 84.9ms)


Started GET "/" for 127.0.0.1 at 2018-03-26 22:25:09 +1100
Processing by PagesController#home as HTML
  Rendering pages/home.html.erb within layouts/application
  Rendered pages/home.html.erb within layouts/application (1.2ms)
Completed 200 OK in 206ms (Views: 198.8ms)


Started GET "/" for 127.0.0.1 at 2018-03-26 22:27:37 +1100
Processing by PagesController#home as HTML
  Rendering pages/home.html.erb within layouts/application
  Rendered pages/home.html.erb within layouts/application (3.2ms)
Completed 200 OK in 248ms (Views: 240.3ms)


Started GET "/games/scissors_paper_rock/rock" for 127.0.0.1 at 2018-03-26 22:27:49 +1100
Processing by GamesController#scissors_paper_rock_play as HTML
  Parameters: {"throw"=>"rock"}
  Rendering games/scissors_paper_rock_play.html.erb within layouts/application
  Rendered games/scissors_paper_rock_play.html.erb within layouts/application (1.0ms)
Completed 200 OK in 50ms (Views: 45.4ms)


Started GET "/" for 127.0.0.1 at 2018-03-26 22:27:56 +1100
Processing by PagesController#home as HTML
  Rendering pages/home.html.erb within layouts/application
  Rendered pages/home.html.erb within layouts/application (0.9ms)
Completed 200 OK in 119ms (Views: 109.4ms)


Started GET "/games/scissors_paper_rock/scissors" for 127.0.0.1 at 2018-03-26 22:27:59 +1100
Processing by GamesController#scissors_paper_rock_play as HTML
  Parameters: {"throw"=>"scissors"}
  Rendering games/scissors_paper_rock_play.html.erb within layouts/application
  Rendered games/scissors_paper_rock_play.html.erb within layouts/application (1.3ms)
Completed 200 OK in 54ms (Views: 48.3ms)


Started GET "/" for 127.0.0.1 at 2018-03-26 22:28:02 +1100
Processing by PagesController#home as HTML
  Rendering pages/home.html.erb within layouts/application
  Rendered pages/home.html.erb within layouts/application (1.1ms)
Completed 200 OK in 78ms (Views: 67.4ms)


Started GET "/games/scissors_paper_rock/paper" for 127.0.0.1 at 2018-03-26 22:28:05 +1100
Processing by GamesController#scissors_paper_rock_play as HTML
  Parameters: {"throw"=>"paper"}
  Rendering games/scissors_paper_rock_play.html.erb within layouts/application
  Rendered games/scissors_paper_rock_play.html.erb within layouts/application (1.2ms)
Completed 200 OK in 222ms (Views: 217.4ms)


Started GET "/" for 127.0.0.1 at 2018-03-26 22:28:09 +1100
Processing by PagesController#home as HTML
  Rendering pages/home.html.erb within layouts/application
  Rendered pages/home.html.erb within layouts/application (1.2ms)
Completed 200 OK in 86ms (Views: 74.9ms)


Started GET "/games/scissors_paper_rock/scissors" for 127.0.0.1 at 2018-03-26 22:28:10 +1100
Processing by GamesController#scissors_paper_rock_play as HTML
  Parameters: {"throw"=>"scissors"}
  Rendering games/scissors_paper_rock_play.html.erb within layouts/application
  Rendered games/scissors_paper_rock_play.html.erb within layouts/application (0.9ms)
Completed 200 OK in 70ms (Views: 62.2ms)


Started GET "/" for 127.0.0.1 at 2018-03-26 22:28:13 +1100
Processing by PagesController#home as HTML
  Rendering pages/home.html.erb within layouts/application
  Rendered pages/home.html.erb within layouts/application (0.8ms)
Completed 200 OK in 68ms (Views: 61.6ms)


Started GET "/" for 127.0.0.1 at 2018-03-27 09:29:04 +1100
Processing by PagesController#home as HTML
  Rendering pages/home.html.erb within layouts/application
  Rendered pages/home.html.erb within layouts/application (3.9ms)
Completed 200 OK in 1623ms (Views: 861.5ms)


Started GET "/games/scissors_paper_rock/scissors" for 127.0.0.1 at 2018-03-27 09:29:26 +1100
Processing by GamesController#scissors_paper_rock_play as HTML
  Parameters: {"throw"=>"scissors"}
Completed 500 Internal Server Error in 172ms


  
NameError (undefined local variable or method `winner' for #<GamesController:0x007fa5f9ce1a48>):
  
app/controllers/games_controller.rb:16:in `scissors_paper_rock_play'
Started GET "/" for 127.0.0.1 at 2018-03-27 09:32:52 +1100
Processing by PagesController#home as HTML
  Rendering pages/home.html.erb within layouts/application
  Rendered pages/home.html.erb within layouts/application (0.5ms)
Completed 200 OK in 67ms (Views: 59.8ms)


Started GET "/" for 127.0.0.1 at 2018-03-27 09:32:55 +1100
Processing by PagesController#home as HTML
  Rendering pages/home.html.erb within layouts/application
  Rendered pages/home.html.erb within layouts/application (0.6ms)
Completed 200 OK in 51ms (Views: 45.1ms)


Started GET "/games/scissors_paper_rock/scissors" for 127.0.0.1 at 2018-03-27 09:32:59 +1100
Processing by GamesController#scissors_paper_rock_play as HTML
  Parameters: {"throw"=>"scissors"}
Completed 500 Internal Server Error in 223ms


  
NameError (undefined local variable or method `winner' for #<GamesController:0x007fa5f9c4b7a0>):
  
app/controllers/games_controller.rb:16:in `scissors_paper_rock_play'
Started GET "/" for 127.0.0.1 at 2018-03-27 09:33:25 +1100
Processing by PagesController#home as HTML
  Rendering pages/home.html.erb within layouts/application
  Rendered pages/home.html.erb within layouts/application (0.5ms)
Completed 200 OK in 53ms (Views: 48.9ms)


Started GET "/" for 127.0.0.1 at 2018-03-27 09:33:28 +1100
Processing by PagesController#home as HTML
  Rendering pages/home.html.erb within layouts/application
  Rendered pages/home.html.erb within layouts/application (0.5ms)
Completed 200 OK in 33ms (Views: 24.4ms)


Started GET "/games/scissors_paper_rock/scissors" for 127.0.0.1 at 2018-03-27 09:33:32 +1100
Processing by GamesController#scissors_paper_rock_play as HTML
  Parameters: {"throw"=>"scissors"}
  Rendering games/scissors_paper_rock_play.html.erb within layouts/application
  Rendered games/scissors_paper_rock_play.html.erb within layouts/application (0.4ms)
Completed 200 OK in 47ms (Views: 34.2ms)


Started GET "/" for 127.0.0.1 at 2018-03-27 09:34:23 +1100
Processing by PagesController#home as HTML
  Rendering pages/home.html.erb within layouts/application
  Rendered pages/home.html.erb within layouts/application (0.4ms)
Completed 200 OK in 26ms (Views: 22.5ms)


Started GET "/games/scissors_paper_rock/scissors" for 127.0.0.1 at 2018-03-27 09:34:25 +1100
Processing by GamesController#scissors_paper_rock_play as HTML
  Parameters: {"throw"=>"scissors"}
  Rendering games/scissors_paper_rock_play.html.erb within layouts/application
  Rendered games/scissors_paper_rock_play.html.erb within layouts/application (0.4ms)
Completed 200 OK in 53ms (Views: 32.5ms)


Started GET "/games/scissors_paper_rock/paper" for 127.0.0.1 at 2018-03-27 09:36:16 +1100
Processing by GamesController#scissors_paper_rock_play as HTML
  Parameters: {"throw"=>"paper"}
  Rendering games/scissors_paper_rock_play.html.erb within layouts/application
  Rendered games/scissors_paper_rock_play.html.erb within layouts/application (0.7ms)
Completed 200 OK in 76ms (Views: 67.2ms)


Started GET "/games/scissors_paper_rock/rock" for 127.0.0.1 at 2018-03-27 09:36:20 +1100
Processing by GamesController#scissors_paper_rock_play as HTML
  Parameters: {"throw"=>"rock"}
  Rendering games/scissors_paper_rock_play.html.erb within layouts/application
  Rendered games/scissors_paper_rock_play.html.erb within layouts/application (0.9ms)
Completed 200 OK in 64ms (Views: 54.5ms)


Started GET "/" for 127.0.0.1 at 2018-03-27 09:37:50 +1100
Processing by PagesController#home as HTML
  Rendering pages/home.html.erb within layouts/application
  Rendered pages/home.html.erb within layouts/application (0.5ms)
Completed 200 OK in 35ms (Views: 31.1ms)


Started GET "/games/scissors_paper_rock/scissors" for 127.0.0.1 at 2018-03-27 09:37:55 +1100
Processing by GamesController#scissors_paper_rock_play as HTML
  Parameters: {"throw"=>"scissors"}
  Rendering games/scissors_paper_rock_play.html.erb within layouts/application
  Rendered games/scissors_paper_rock_play.html.erb within layouts/application (0.9ms)
Completed 200 OK in 40ms (Views: 32.8ms)


Started GET "/" for 127.0.0.1 at 2018-03-27 09:38:12 +1100
Processing by PagesController#home as HTML
  Rendering pages/home.html.erb within layouts/application
  Rendered pages/home.html.erb within layouts/application (0.8ms)
Completed 200 OK in 37ms (Views: 32.0ms)


Started GET "/games/scissors_paper_rock/scissors" for 127.0.0.1 at 2018-03-27 09:38:13 +1100
Processing by GamesController#scissors_paper_rock_play as HTML
  Parameters: {"throw"=>"scissors"}
  Rendering games/scissors_paper_rock_play.html.erb within layouts/application
  Rendered games/scissors_paper_rock_play.html.erb within layouts/application (0.7ms)
Completed 200 OK in 66ms (Views: 58.8ms)


Started GET "/" for 127.0.0.1 at 2018-03-27 09:38:47 +1100
Processing by PagesController#home as HTML
  Rendering pages/home.html.erb within layouts/application
  Rendered pages/home.html.erb within layouts/application (1.3ms)
Completed 200 OK in 92ms (Views: 75.5ms)


Started GET "/" for 127.0.0.1 at 2018-03-27 09:40:07 +1100
Processing by PagesController#home as HTML
  Rendering pages/home.html.erb within layouts/application
  Rendered pages/home.html.erb within layouts/application (0.7ms)
Completed 200 OK in 69ms (Views: 63.1ms)


Started GET "/" for 127.0.0.1 at 2018-03-27 09:40:50 +1100
Processing by PagesController#home as HTML
  Rendering pages/home.html.erb within layouts/application
  Rendered pages/home.html.erb within layouts/application (0.9ms)
Completed 200 OK in 84ms (Views: 76.9ms)


Started GET "/" for 127.0.0.1 at 2018-03-27 09:41:21 +1100
Processing by PagesController#home as HTML
  Rendering pages/home.html.erb within layouts/application
  Rendered pages/home.html.erb within layouts/application (0.5ms)
Completed 200 OK in 76ms (Views: 67.8ms)


Started GET "/" for 127.0.0.1 at 2018-03-27 09:45:52 +1100
Processing by PagesController#home as HTML
  Rendering pages/home.html.erb within layouts/application
  Rendered pages/home.html.erb within layouts/application (1.1ms)
Completed 200 OK in 58ms (Views: 52.3ms)


Started GET "/" for 127.0.0.1 at 2018-03-27 09:49:20 +1100
Processing by PagesController#home as HTML
  Rendering pages/home.html.erb within layouts/application
  Rendered pages/home.html.erb within layouts/application (0.9ms)
Completed 200 OK in 73ms (Views: 67.2ms)


Started GET "/" for 127.0.0.1 at 2018-03-27 09:50:10 +1100
Processing by PagesController#home as HTML
  Rendering pages/home.html.erb within layouts/application
  Rendered pages/home.html.erb within layouts/application (1.0ms)
Completed 200 OK in 83ms (Views: 76.5ms)


Started GET "/" for 127.0.0.1 at 2018-03-27 09:51:23 +1100
Processing by PagesController#home as HTML
  Rendering pages/home.html.erb within layouts/application
  Rendered pages/home.html.erb within layouts/application (0.6ms)
Completed 200 OK in 49ms (Views: 43.2ms)


Started GET "/" for 127.0.0.1 at 2018-03-27 09:51:44 +1100
Processing by PagesController#home as HTML
  Rendering pages/home.html.erb within layouts/application
  Rendered pages/home.html.erb within layouts/application (1.0ms)
Completed 200 OK in 100ms (Views: 91.2ms)


Started GET "/" for 127.0.0.1 at 2018-03-27 09:53:01 +1100
Processing by PagesController#home as HTML
  Rendering pages/home.html.erb within layouts/application
  Rendered pages/home.html.erb within layouts/application (0.4ms)
Completed 200 OK in 78ms (Views: 72.1ms)


Started GET "/" for 127.0.0.1 at 2018-03-27 09:53:24 +1100
Processing by PagesController#home as HTML
  Rendering pages/home.html.erb within layouts/application
  Rendered pages/home.html.erb within layouts/application (0.7ms)
Completed 200 OK in 62ms (Views: 57.3ms)


Started GET "/" for 127.0.0.1 at 2018-03-27 09:54:26 +1100
Processing by PagesController#home as HTML
  Rendering pages/home.html.erb within layouts/application
  Rendered pages/home.html.erb within layouts/application (0.4ms)
Completed 200 OK in 88ms (Views: 81.5ms)


Started GET "/" for 127.0.0.1 at 2018-03-27 09:54:40 +1100
Processing by PagesController#home as HTML
  Rendering pages/home.html.erb within layouts/application
  Rendered pages/home.html.erb within layouts/application (0.4ms)
Completed 200 OK in 57ms (Views: 52.7ms)


